[Sat Aug 18 15:43:04.422887 2018] [php7:notice] [pid 2458] [client ::1:49631] PHP Warning:  Uncaught Exception: Session: Configured save path '' is not a directory, doesn't exist or cannot be created. in /Users/jammer/Code/CrowdWisdom/admin.crowdwisdom.co.in/system/libraries/Session/drivers/Session_files_driver.php:138\nStack trace:\n#0 [internal function]: CI_Session_files_driver->open('', 'ci_session')\n#1 /Users/jammer/Code/CrowdWisdom/admin.crowdwisdom.co.in/system/libraries/Session/Session.php(143): session_start()\n#2 /Users/jammer/Code/CrowdWisdom/admin.crowdwisdom.co.in/system/core/Loader.php(1285): CI_Session->__construct()\n#3 /Users/jammer/Code/CrowdWisdom/admin.crowdwisdom.co.in/system/core/Loader.php(1178): CI_Loader->_ci_init_library('Session', 'CI_', NULL, 'session')\n#4 /Users/jammer/Code/CrowdWisdom/admin.crowdwisdom.co.in/system/core/Loader.php(1043): CI_Loader->_ci_load_stock_library('Session', 'Session/', NULL, NULL)\n#5 /Users/jammer/Code/CrowdWisdom/admin.crowdwisdom.co.in/system/core/Loader.php(1089): CI_Loader->_ci_load_library('Session', NULL, NULL)\n#6 /Users/jammer/Code/CrowdWisdo in /Users/jammer/Code/CrowdWisdom/admin.crowdwisdom.co.in/system/libraries/Session/drivers/Session_files_driver.php on line 138
[Sat Aug 18 15:43:04.423235 2018] [php7:notice] [pid 2458] [client ::1:49631] PHP Stack trace:
[Sat Aug 18 15:43:04.423262 2018] [php7:notice] [pid 2458] [client ::1:49631] PHP   1. {main}() /Users/jammer/Code/CrowdWisdom/admin.crowdwisdom.co.in/index.php:0
[Sat Aug 18 15:43:04.423367 2018] [php7:notice] [pid 2458] [client ::1:49631] PHP   2. require_once() /Users/jammer/Code/CrowdWisdom/admin.crowdwisdom.co.in/index.php:315
[Sat Aug 18 15:43:04.423391 2018] [php7:notice] [pid 2458] [client ::1:49631] PHP   3. Login->__construct() /Users/jammer/Code/CrowdWisdom/admin.crowdwisdom.co.in/system/core/CodeIgniter.php:518
[Sat Aug 18 15:43:04.423410 2018] [php7:notice] [pid 2458] [client ::1:49631] PHP   4. Login->__construct() /Users/jammer/Code/CrowdWisdom/admin.crowdwisdom.co.in/application/controllers/Login.php:12
[Sat Aug 18 15:43:04.423429 2018] [php7:notice] [pid 2458] [client ::1:49631] PHP   5. CI_Loader->initialize() /Users/jammer/Code/CrowdWisdom/admin.crowdwisdom.co.in/system/core/Controller.php:79
[Sat Aug 18 15:43:04.423446 2018] [php7:notice] [pid 2458] [client ::1:49631] PHP   6. CI_Loader->_ci_autoloader() /Users/jammer/Code/CrowdWisdom/admin.crowdwisdom.co.in/system/core/Loader.php:157
[Sat Aug 18 15:43:04.423464 2018] [php7:notice] [pid 2458] [client ::1:49631] PHP   7. CI_Loader->library() /Users/jammer/Code/CrowdWisdom/admin.crowdwisdom.co.in/system/core/Loader.php:1359
[Sat Aug 18 15:43:04.423481 2018] [php7:notice] [pid 2458] [client ::1:49631] PHP   8. CI_Loader->library() /Users/jammer/Code/CrowdWisdom/admin.crowdwisdom.co.in/system/core/Loader.php:202
[Sat Aug 18 15:43:04.423498 2018] [php7:notice] [pid 2458] [client ::1:49631] PHP   9. CI_Loader->_ci_load_library() /Users/jammer/Code/CrowdWisdom/admin.crowdwisdom.co.in/system/core/Loader.php:218
[Sat Aug 18 15:43:04.423516 2018] [php7:notice] [pid 2458] [client ::1:49631] PHP  10. CI_Loader->_ci_load_library() /Users/jammer/Code/CrowdWisdom/admin.crowdwisdom.co.in/system/core/Loader.php:1089
[Sat Aug 18 15:43:04.423534 2018] [php7:notice] [pid 2458] [client ::1:49631] PHP  11. CI_Loader->_ci_load_stock_library() /Users/jammer/Code/CrowdWisdom/admin.crowdwisdom.co.in/system/core/Loader.php:1043
[Sat Aug 18 15:43:04.423551 2018] [php7:notice] [pid 2458] [client ::1:49631] PHP  12. CI_Loader->_ci_init_library() /Users/jammer/Code/CrowdWisdom/admin.crowdwisdom.co.in/system/core/Loader.php:1178
[Sat Aug 18 15:43:04.423568 2018] [php7:notice] [pid 2458] [client ::1:49631] PHP  13. CI_Session->__construct() /Users/jammer/Code/CrowdWisdom/admin.crowdwisdom.co.in/system/core/Loader.php:1285
[Sat Aug 18 15:43:04.423585 2018] [php7:notice] [pid 2458] [client ::1:49631] PHP  14. session_start() /Users/jammer/Code/CrowdWisdom/admin.crowdwisdom.co.in/system/libraries/Session/Session.php:143
[Sat Aug 18 15:43:04.424174 2018] [php7:notice] [pid 2458] [client ::1:49631] PHP Fatal error:  session_start(): Failed to initialize storage module: user (path: ) in /Users/jammer/Code/CrowdWisdom/admin.crowdwisdom.co.in/system/libraries/Session/Session.php on line 143
[Sat Aug 18 15:43:04.424227 2018] [php7:notice] [pid 2458] [client ::1:49631] PHP Stack trace:
[Sat Aug 18 15:43:04.424247 2018] [php7:notice] [pid 2458] [client ::1:49631] PHP   1. {main}() /Users/jammer/Code/CrowdWisdom/admin.crowdwisdom.co.in/index.php:0
[Sat Aug 18 15:43:04.424278 2018] [php7:notice] [pid 2458] [client ::1:49631] PHP   2. require_once() /Users/jammer/Code/CrowdWisdom/admin.crowdwisdom.co.in/index.php:315
[Sat Aug 18 15:43:04.424292 2018] [php7:notice] [pid 2458] [client ::1:49631] PHP   3. Login->__construct() /Users/jammer/Code/CrowdWisdom/admin.crowdwisdom.co.in/system/core/CodeIgniter.php:518
[Sat Aug 18 15:43:04.424306 2018] [php7:notice] [pid 2458] [client ::1:49631] PHP   4. Login->__construct() /Users/jammer/Code/CrowdWisdom/admin.crowdwisdom.co.in/application/controllers/Login.php:12
[Sat Aug 18 15:43:04.424320 2018] [php7:notice] [pid 2458] [client ::1:49631] PHP   5. CI_Loader->initialize() /Users/jammer/Code/CrowdWisdom/admin.crowdwisdom.co.in/system/core/Controller.php:79
[Sat Aug 18 15:43:04.424334 2018] [php7:notice] [pid 2458] [client ::1:49631] PHP   6. CI_Loader->_ci_autoloader() /Users/jammer/Code/CrowdWisdom/admin.crowdwisdom.co.in/system/core/Loader.php:157
[Sat Aug 18 15:43:04.424347 2018] [php7:notice] [pid 2458] [client ::1:49631] PHP   7. CI_Loader->library() /Users/jammer/Code/CrowdWisdom/admin.crowdwisdom.co.in/system/core/Loader.php:1359
[Sat Aug 18 15:43:04.424360 2018] [php7:notice] [pid 2458] [client ::1:49631] PHP   8. CI_Loader->library() /Users/jammer/Code/CrowdWisdom/admin.crowdwisdom.co.in/system/core/Loader.php:202
[Sat Aug 18 15:43:04.424374 2018] [php7:notice] [pid 2458] [client ::1:49631] PHP   9. CI_Loader->_ci_load_library() /Users/jammer/Code/CrowdWisdom/admin.crowdwisdom.co.in/system/core/Loader.php:218
[Sat Aug 18 15:43:04.424388 2018] [php7:notice] [pid 2458] [client ::1:49631] PHP  10. CI_Loader->_ci_load_library() /Users/jammer/Code/CrowdWisdom/admin.crowdwisdom.co.in/system/core/Loader.php:1089
[Sat Aug 18 15:43:04.424401 2018] [php7:notice] [pid 2458] [client ::1:49631] PHP  11. CI_Loader->_ci_load_stock_library() /Users/jammer/Code/CrowdWisdom/admin.crowdwisdom.co.in/system/core/Loader.php:1043
[Sat Aug 18 15:43:04.424415 2018] [php7:notice] [pid 2458] [client ::1:49631] PHP  12. CI_Loader->_ci_init_library() /Users/jammer/Code/CrowdWisdom/admin.crowdwisdom.co.in/system/core/Loader.php:1178
[Sat Aug 18 15:43:04.424428 2018] [php7:notice] [pid 2458] [client ::1:49631] PHP  13. CI_Session->__construct() /Users/jammer/Code/CrowdWisdom/admin.crowdwisdom.co.in/system/core/Loader.php:1285
[Sat Aug 18 15:43:04.424442 2018] [php7:notice] [pid 2458] [client ::1:49631] PHP  14. session_start() /Users/jammer/Code/CrowdWisdom/admin.crowdwisdom.co.in/system/libraries/Session/Session.php:143
[Sat Aug 18 15:43:22.732548 2018] [php7:notice] [pid 2460] [client ::1:49633] PHP Warning:  Uncaught Exception: Session: Configured save path '' is not a directory, doesn't exist or cannot be created. in /Users/jammer/Code/CrowdWisdom/admin.crowdwisdom.co.in/system/libraries/Session/drivers/Session_files_driver.php:138\nStack trace:\n#0 [internal function]: CI_Session_files_driver->open('', 'ci_session')\n#1 /Users/jammer/Code/CrowdWisdom/admin.crowdwisdom.co.in/system/libraries/Session/Session.php(143): session_start()\n#2 /Users/jammer/Code/CrowdWisdom/admin.crowdwisdom.co.in/system/core/Loader.php(1285): CI_Session->__construct()\n#3 /Users/jammer/Code/CrowdWisdom/admin.crowdwisdom.co.in/system/core/Loader.php(1178): CI_Loader->_ci_init_library('Session', 'CI_', NULL, 'session')\n#4 /Users/jammer/Code/CrowdWisdom/admin.crowdwisdom.co.in/system/core/Loader.php(1043): CI_Loader->_ci_load_stock_library('Session', 'Session/', NULL, NULL)\n#5 /Users/jammer/Code/CrowdWisdom/admin.crowdwisdom.co.in/system/core/Loader.php(1089): CI_Loader->_ci_load_library('Session', NULL, NULL)\n#6 /Users/jammer/Code/CrowdWisdo in /Users/jammer/Code/CrowdWisdom/admin.crowdwisdom.co.in/system/libraries/Session/drivers/Session_files_driver.php on line 138
[Sat Aug 18 15:43:22.732718 2018] [php7:notice] [pid 2460] [client ::1:49633] PHP Stack trace:
[Sat Aug 18 15:43:22.732733 2018] [php7:notice] [pid 2460] [client ::1:49633] PHP   1. {main}() /Users/jammer/Code/CrowdWisdom/admin.crowdwisdom.co.in/index.php:0
[Sat Aug 18 15:43:22.732793 2018] [php7:notice] [pid 2460] [client ::1:49633] PHP   2. require_once() /Users/jammer/Code/CrowdWisdom/admin.crowdwisdom.co.in/index.php:315
[Sat Aug 18 15:43:22.732807 2018] [php7:notice] [pid 2460] [client ::1:49633] PHP   3. Login->__construct() /Users/jammer/Code/CrowdWisdom/admin.crowdwisdom.co.in/system/core/CodeIgniter.php:518
[Sat Aug 18 15:43:22.732818 2018] [php7:notice] [pid 2460] [client ::1:49633] PHP   4. Login->__construct() /Users/jammer/Code/CrowdWisdom/admin.crowdwisdom.co.in/application/controllers/Login.php:12
[Sat Aug 18 15:43:22.732829 2018] [php7:notice] [pid 2460] [client ::1:49633] PHP   5. CI_Loader->initialize() /Users/jammer/Code/CrowdWisdom/admin.crowdwisdom.co.in/system/core/Controller.php:79
[Sat Aug 18 15:43:22.732840 2018] [php7:notice] [pid 2460] [client ::1:49633] PHP   6. CI_Loader->_ci_autoloader() /Users/jammer/Code/CrowdWisdom/admin.crowdwisdom.co.in/system/core/Loader.php:157
[Sat Aug 18 15:43:22.732851 2018] [php7:notice] [pid 2460] [client ::1:49633] PHP   7. CI_Loader->library() /Users/jammer/Code/CrowdWisdom/admin.crowdwisdom.co.in/system/core/Loader.php:1359
[Sat Aug 18 15:43:22.732860 2018] [php7:notice] [pid 2460] [client ::1:49633] PHP   8. CI_Loader->library() /Users/jammer/Code/CrowdWisdom/admin.crowdwisdom.co.in/system/core/Loader.php:202
[Sat Aug 18 15:43:22.732871 2018] [php7:notice] [pid 2460] [client ::1:49633] PHP   9. CI_Loader->_ci_load_library() /Users/jammer/Code/CrowdWisdom/admin.crowdwisdom.co.in/system/core/Loader.php:218
[Sat Aug 18 15:43:22.732881 2018] [php7:notice] [pid 2460] [client ::1:49633] PHP  10. CI_Loader->_ci_load_library() /Users/jammer/Code/CrowdWisdom/admin.crowdwisdom.co.in/system/core/Loader.php:1089
[Sat Aug 18 15:43:22.732892 2018] [php7:notice] [pid 2460] [client ::1:49633] PHP  11. CI_Loader->_ci_load_stock_library() /Users/jammer/Code/CrowdWisdom/admin.crowdwisdom.co.in/system/core/Loader.php:1043
[Sat Aug 18 15:43:22.732902 2018] [php7:notice] [pid 2460] [client ::1:49633] PHP  12. CI_Loader->_ci_init_library() /Users/jammer/Code/CrowdWisdom/admin.crowdwisdom.co.in/system/core/Loader.php:1178
[Sat Aug 18 15:43:22.732912 2018] [php7:notice] [pid 2460] [client ::1:49633] PHP  13. CI_Session->__construct() /Users/jammer/Code/CrowdWisdom/admin.crowdwisdom.co.in/system/core/Loader.php:1285
[Sat Aug 18 15:43:22.732923 2018] [php7:notice] [pid 2460] [client ::1:49633] PHP  14. session_start() /Users/jammer/Code/CrowdWisdom/admin.crowdwisdom.co.in/system/libraries/Session/Session.php:143
[Sat Aug 18 15:43:22.733278 2018] [php7:notice] [pid 2460] [client ::1:49633] PHP Fatal error:  session_start(): Failed to initialize storage module: user (path: ) in /Users/jammer/Code/CrowdWisdom/admin.crowdwisdom.co.in/system/libraries/Session/Session.php on line 143
[Sat Aug 18 15:43:22.733292 2018] [php7:notice] [pid 2460] [client ::1:49633] PHP Stack trace:
[Sat Aug 18 15:43:22.733303 2018] [php7:notice] [pid 2460] [client ::1:49633] PHP   1. {main}() /Users/jammer/Code/CrowdWisdom/admin.crowdwisdom.co.in/index.php:0
[Sat Aug 18 15:43:22.733313 2018] [php7:notice] [pid 2460] [client ::1:49633] PHP   2. require_once() /Users/jammer/Code/CrowdWisdom/admin.crowdwisdom.co.in/index.php:315
[Sat Aug 18 15:43:22.733324 2018] [php7:notice] [pid 2460] [client ::1:49633] PHP   3. Login->__construct() /Users/jammer/Code/CrowdWisdom/admin.crowdwisdom.co.in/system/core/CodeIgniter.php:518
[Sat Aug 18 15:43:22.733335 2018] [php7:notice] [pid 2460] [client ::1:49633] PHP   4. Login->__construct() /Users/jammer/Code/CrowdWisdom/admin.crowdwisdom.co.in/application/controllers/Login.php:12
[Sat Aug 18 15:43:22.733345 2018] [php7:notice] [pid 2460] [client ::1:49633] PHP   5. CI_Loader->initialize() /Users/jammer/Code/CrowdWisdom/admin.crowdwisdom.co.in/system/core/Controller.php:79
[Sat Aug 18 15:43:22.733374 2018] [php7:notice] [pid 2460] [client ::1:49633] PHP   6. CI_Loader->_ci_autoloader() /Users/jammer/Code/CrowdWisdom/admin.crowdwisdom.co.in/system/core/Loader.php:157
[Sat Aug 18 15:43:22.733386 2018] [php7:notice] [pid 2460] [client ::1:49633] PHP   7. CI_Loader->library() /Users/jammer/Code/CrowdWisdom/admin.crowdwisdom.co.in/system/core/Loader.php:1359
[Sat Aug 18 15:43:22.733396 2018] [php7:notice] [pid 2460] [client ::1:49633] PHP   8. CI_Loader->library() /Users/jammer/Code/CrowdWisdom/admin.crowdwisdom.co.in/system/core/Loader.php:202
[Sat Aug 18 15:43:22.733440 2018] [php7:notice] [pid 2460] [client ::1:49633] PHP   9. CI_Loader->_ci_load_library() /Users/jammer/Code/CrowdWisdom/admin.crowdwisdom.co.in/system/core/Loader.php:218
[Sat Aug 18 15:43:22.733463 2018] [php7:notice] [pid 2460] [client ::1:49633] PHP  10. CI_Loader->_ci_load_library() /Users/jammer/Code/CrowdWisdom/admin.crowdwisdom.co.in/system/core/Loader.php:1089
[Sat Aug 18 15:43:22.733476 2018] [php7:notice] [pid 2460] [client ::1:49633] PHP  11. CI_Loader->_ci_load_stock_library() /Users/jammer/Code/CrowdWisdom/admin.crowdwisdom.co.in/system/core/Loader.php:1043
[Sat Aug 18 15:43:22.733487 2018] [php7:notice] [pid 2460] [client ::1:49633] PHP  12. CI_Loader->_ci_init_library() /Users/jammer/Code/CrowdWisdom/admin.crowdwisdom.co.in/system/core/Loader.php:1178
[Sat Aug 18 15:43:22.733498 2018] [php7:notice] [pid 2460] [client ::1:49633] PHP  13. CI_Session->__construct() /Users/jammer/Code/CrowdWisdom/admin.crowdwisdom.co.in/system/core/Loader.php:1285
[Sat Aug 18 15:43:22.733509 2018] [php7:notice] [pid 2460] [client ::1:49633] PHP  14. session_start() /Users/jammer/Code/CrowdWisdom/admin.crowdwisdom.co.in/system/libraries/Session/Session.php:143
[Sat Aug 18 15:43:23.987580 2018] [php7:notice] [pid 2460] [client ::1:49633] PHP Warning:  Uncaught Exception: Session: Configured save path '' is not a directory, doesn't exist or cannot be created. in /Users/jammer/Code/CrowdWisdom/admin.crowdwisdom.co.in/system/libraries/Session/drivers/Session_files_driver.php:138\nStack trace:\n#0 [internal function]: CI_Session_files_driver->open('', 'ci_session')\n#1 /Users/jammer/Code/CrowdWisdom/admin.crowdwisdom.co.in/system/libraries/Session/Session.php(143): session_start()\n#2 /Users/jammer/Code/CrowdWisdom/admin.crowdwisdom.co.in/system/core/Loader.php(1285): CI_Session->__construct()\n#3 /Users/jammer/Code/CrowdWisdom/admin.crowdwisdom.co.in/system/core/Loader.php(1178): CI_Loader->_ci_init_library('Session', 'CI_', NULL, 'session')\n#4 /Users/jammer/Code/CrowdWisdom/admin.crowdwisdom.co.in/system/core/Loader.php(1043): CI_Loader->_ci_load_stock_library('Session', 'Session/', NULL, NULL)\n#5 /Users/jammer/Code/CrowdWisdom/admin.crowdwisdom.co.in/system/core/Loader.php(1089): CI_Loader->_ci_load_library('Session', NULL, NULL)\n#6 /Users/jammer/Code/CrowdWisdo in /Users/jammer/Code/CrowdWisdom/admin.crowdwisdom.co.in/system/libraries/Session/drivers/Session_files_driver.php on line 138
[Sat Aug 18 15:43:23.987707 2018] [php7:notice] [pid 2460] [client ::1:49633] PHP Stack trace:
[Sat Aug 18 15:43:23.987720 2018] [php7:notice] [pid 2460] [client ::1:49633] PHP   1. {main}() /Users/jammer/Code/CrowdWisdom/admin.crowdwisdom.co.in/index.php:0
[Sat Aug 18 15:43:23.987731 2018] [php7:notice] [pid 2460] [client ::1:49633] PHP   2. require_once() /Users/jammer/Code/CrowdWisdom/admin.crowdwisdom.co.in/index.php:315
[Sat Aug 18 15:43:23.987742 2018] [php7:notice] [pid 2460] [client ::1:49633] PHP   3. Login->__construct() /Users/jammer/Code/CrowdWisdom/admin.crowdwisdom.co.in/system/core/CodeIgniter.php:518
[Sat Aug 18 15:43:23.987753 2018] [php7:notice] [pid 2460] [client ::1:49633] PHP   4. Login->__construct() /Users/jammer/Code/CrowdWisdom/admin.crowdwisdom.co.in/application/controllers/Login.php:12
[Sat Aug 18 15:43:23.987764 2018] [php7:notice] [pid 2460] [client ::1:49633] PHP   5. CI_Loader->initialize() /Users/jammer/Code/CrowdWisdom/admin.crowdwisdom.co.in/system/core/Controller.php:79
[Sat Aug 18 15:43:23.987797 2018] [php7:notice] [pid 2460] [client ::1:49633] PHP   6. CI_Loader->_ci_autoloader() /Users/jammer/Code/CrowdWisdom/admin.crowdwisdom.co.in/system/core/Loader.php:157
[Sat Aug 18 15:43:23.987809 2018] [php7:notice] [pid 2460] [client ::1:49633] PHP   7. CI_Loader->library() /Users/jammer/Code/CrowdWisdom/admin.crowdwisdom.co.in/system/core/Loader.php:1359
[Sat Aug 18 15:43:23.987820 2018] [php7:notice] [pid 2460] [client ::1:49633] PHP   8. CI_Loader->library() /Users/jammer/Code/CrowdWisdom/admin.crowdwisdom.co.in/system/core/Loader.php:202
[Sat Aug 18 15:43:23.987830 2018] [php7:notice] [pid 2460] [client ::1:49633] PHP   9. CI_Loader->_ci_load_library() /Users/jammer/Code/CrowdWisdom/admin.crowdwisdom.co.in/system/core/Loader.php:218
[Sat Aug 18 15:43:23.987841 2018] [php7:notice] [pid 2460] [client ::1:49633] PHP  10. CI_Loader->_ci_load_library() /Users/jammer/Code/CrowdWisdom/admin.crowdwisdom.co.in/system/core/Loader.php:1089
[Sat Aug 18 15:43:23.987851 2018] [php7:notice] [pid 2460] [client ::1:49633] PHP  11. CI_Loader->_ci_load_stock_library() /Users/jammer/Code/CrowdWisdom/admin.crowdwisdom.co.in/system/core/Loader.php:1043
[Sat Aug 18 15:43:23.987862 2018] [php7:notice] [pid 2460] [client ::1:49633] PHP  12. CI_Loader->_ci_init_library() /Users/jammer/Code/CrowdWisdom/admin.crowdwisdom.co.in/system/core/Loader.php:1178
[Sat Aug 18 15:43:23.987872 2018] [php7:notice] [pid 2460] [client ::1:49633] PHP  13. CI_Session->__construct() /Users/jammer/Code/CrowdWisdom/admin.crowdwisdom.co.in/system/core/Loader.php:1285
[Sat Aug 18 15:43:23.987882 2018] [php7:notice] [pid 2460] [client ::1:49633] PHP  14. session_start() /Users/jammer/Code/CrowdWisdom/admin.crowdwisdom.co.in/system/libraries/Session/Session.php:143
[Sat Aug 18 15:43:23.987938 2018] [php7:notice] [pid 2460] [client ::1:49633] PHP Fatal error:  session_start(): Failed to initialize storage module: user (path: ) in /Users/jammer/Code/CrowdWisdom/admin.crowdwisdom.co.in/system/libraries/Session/Session.php on line 143
[Sat Aug 18 15:43:23.987950 2018] [php7:notice] [pid 2460] [client ::1:49633] PHP Stack trace:
[Sat Aug 18 15:43:23.987960 2018] [php7:notice] [pid 2460] [client ::1:49633] PHP   1. {main}() /Users/jammer/Code/CrowdWisdom/admin.crowdwisdom.co.in/index.php:0
[Sat Aug 18 15:43:23.987970 2018] [php7:notice] [pid 2460] [client ::1:49633] PHP   2. require_once() /Users/jammer/Code/CrowdWisdom/admin.crowdwisdom.co.in/index.php:315
[Sat Aug 18 15:43:23.987981 2018] [php7:notice] [pid 2460] [client ::1:49633] PHP   3. Login->__construct() /Users/jammer/Code/CrowdWisdom/admin.crowdwisdom.co.in/system/core/CodeIgniter.php:518
[Sat Aug 18 15:43:23.987991 2018] [php7:notice] [pid 2460] [client ::1:49633] PHP   4. Login->__construct() /Users/jammer/Code/CrowdWisdom/admin.crowdwisdom.co.in/application/controllers/Login.php:12
[Sat Aug 18 15:43:23.988001 2018] [php7:notice] [pid 2460] [client ::1:49633] PHP   5. CI_Loader->initialize() /Users/jammer/Code/CrowdWisdom/admin.crowdwisdom.co.in/system/core/Controller.php:79
[Sat Aug 18 15:43:23.988012 2018] [php7:notice] [pid 2460] [client ::1:49633] PHP   6. CI_Loader->_ci_autoloader() /Users/jammer/Code/CrowdWisdom/admin.crowdwisdom.co.in/system/core/Loader.php:157
[Sat Aug 18 15:43:23.988022 2018] [php7:notice] [pid 2460] [client ::1:49633] PHP   7. CI_Loader->library() /Users/jammer/Code/CrowdWisdom/admin.crowdwisdom.co.in/system/core/Loader.php:1359
[Sat Aug 18 15:43:23.988033 2018] [php7:notice] [pid 2460] [client ::1:49633] PHP   8. CI_Loader->library() /Users/jammer/Code/CrowdWisdom/admin.crowdwisdom.co.in/system/core/Loader.php:202
[Sat Aug 18 15:43:23.988043 2018] [php7:notice] [pid 2460] [client ::1:49633] PHP   9. CI_Loader->_ci_load_library() /Users/jammer/Code/CrowdWisdom/admin.crowdwisdom.co.in/system/core/Loader.php:218
[Sat Aug 18 15:43:23.988053 2018] [php7:notice] [pid 2460] [client ::1:49633] PHP  10. CI_Loader->_ci_load_library() /Users/jammer/Code/CrowdWisdom/admin.crowdwisdom.co.in/system/core/Loader.php:1089
[Sat Aug 18 15:43:23.988082 2018] [php7:notice] [pid 2460] [client ::1:49633] PHP  11. CI_Loader->_ci_load_stock_library() /Users/jammer/Code/CrowdWisdom/admin.crowdwisdom.co.in/system/core/Loader.php:1043
[Sat Aug 18 15:43:23.988093 2018] [php7:notice] [pid 2460] [client ::1:49633] PHP  12. CI_Loader->_ci_init_library() /Users/jammer/Code/CrowdWisdom/admin.crowdwisdom.co.in/system/core/Loader.php:1178
[Sat Aug 18 15:43:23.988104 2018] [php7:notice] [pid 2460] [client ::1:49633] PHP  13. CI_Session->__construct() /Users/jammer/Code/CrowdWisdom/admin.crowdwisdom.co.in/system/core/Loader.php:1285
[Sat Aug 18 15:43:23.988114 2018] [php7:notice] [pid 2460] [client ::1:49633] PHP  14. session_start() /Users/jammer/Code/CrowdWisdom/admin.crowdwisdom.co.in/system/libraries/Session/Session.php:143
